0 info it worked if it ends with ok
1 verbose cli [ 'D:\\nodejs\\node.exe',
1 verbose cli   'D:\\nodejs\\node_modules\\npm\\bin\\npm-cli.js',
1 verbose cli   'start' ]
2 info using npm@3.10.10
3 info using node@v6.10.2
4 verbose run-script [ 'prestart', 'start', 'poststart' ]
5 info lifecycle Kasia@0.0.1~prestart: Kasia@0.0.1
6 silly lifecycle Kasia@0.0.1~prestart: no script for prestart, continuing
7 info lifecycle Kasia@0.0.1~start: Kasia@0.0.1
8 verbose lifecycle Kasia@0.0.1~start: unsafe-perm in lifecycle true
9 verbose lifecycle Kasia@0.0.1~start: PATH: D:\nodejs\node_modules\npm\bin\node-gyp-bin;D:\PROJEKTY\Weekly-Webdev-Challenge-5-master\node_modules\.bin;C:\Windows\system32;C:\Windows;C:\Windows\System32\Wbem;C:\Windows\System32\WindowsPowerShell\v1.0\;C:\Program Files (x86)\ATI Technologies\ATI.ACE\Core-Static;D:\nodejs\;d:\Git\cmd;D:\TortoiseGit\bin;C:\Users\laptop\AppData\Local\Microsoft\WindowsApps;;D:\Microsoft VS Code\bin;C:\Users\laptop\AppData\Roaming\npm
10 verbose lifecycle Kasia@0.0.1~start: CWD: D:\PROJEKTY\Weekly-Webdev-Challenge-5-master
11 silly lifecycle Kasia@0.0.1~start: Args: [ '/d /s /c', 'gulp' ]
12 silly lifecycle Kasia@0.0.1~start: Returned: code: 1  signal: null
13 info lifecycle Kasia@0.0.1~start: Failed to exec start script
14 verbose stack Error: Kasia@0.0.1 start: `gulp`
14 verbose stack Exit status 1
14 verbose stack     at EventEmitter.<anonymous> (D:\nodejs\node_modules\npm\lib\utils\lifecycle.js:255:16)
14 verbose stack     at emitTwo (events.js:106:13)
14 verbose stack     at EventEmitter.emit (events.js:191:7)
14 verbose stack     at ChildProcess.<anonymous> (D:\nodejs\node_modules\npm\lib\utils\spawn.js:40:14)
14 verbose stack     at emitTwo (events.js:106:13)
14 verbose stack     at ChildProcess.emit (events.js:191:7)
14 verbose stack     at maybeClose (internal/child_process.js:886:16)
14 verbose stack     at Process.ChildProcess._handle.onexit (internal/child_process.js:226:5)
15 verbose pkgid Kasia@0.0.1
16 verbose cwd D:\PROJEKTY\Weekly-Webdev-Challenge-5-master
17 error Windows_NT 10.0.14393
18 error argv "D:\\nodejs\\node.exe" "D:\\nodejs\\node_modules\\npm\\bin\\npm-cli.js" "start"
19 error node v6.10.2
20 error npm  v3.10.10
21 error code ELIFECYCLE
22 error Kasia@0.0.1 start: `gulp`
22 error Exit status 1
23 error Failed at the Kasia@0.0.1 start script 'gulp'.
23 error Make sure you have the latest version of node.js and npm installed.
23 error If you do, this is most likely a problem with the Kasia package,
23 error not with npm itself.
23 error Tell the author that this fails on your system:
23 error     gulp
23 error You can get information on how to open an issue for this project with:
23 error     npm bugs Kasia
23 error Or if that isn't available, you can get their info via:
23 error     npm owner ls Kasia
23 error There is likely additional logging output above.
24 verbose exit [ 1, true ]
